<?xml version="1.0" encoding="UTF-8"?>
<!-- Generated by org.testng.reporters.JUnitXMLReporter -->
<testsuite ignored="0" hostname="tabish" failures="0" tests="2" name="Default test" time="141.527" errors="0" timestamp="2023-07-21T17:58:27 IST">
  <testcase classname="com.itl.practice.ExpDetails_online_busy_StatusTest" name="online_busy_status" time="17.753"/>
  <testcase classname="com.itl.practice.ExpDetails_online_busy_StatusTest" name="expertIDWithNames" time="107.696"/>
</testsuite> <!-- Default test -->
